
> grabit@0.1.0 build
> next build

  Î“Ă»â–“ Next.js 14.2.35
  - Environments: .env.local

   Creating an optimized production build ...
 Î“ÂŁĂ´ Compiled successfully
   Linting and checking validity of types ...
   Collecting page data ...
   Generating static pages (0/8) ...
   Generating static pages (2/8) 
   Generating static pages (4/8) 
   Generating static pages (6/8) 
 Î“ÂŁĂ´ Generating static pages (8/8)
   Finalizing page optimization ...
   Collecting build traces ...

Route (app)                              Size     First Load JS
Î“Ă¶Ă® Î“ĂąĂŻ /                                    3.53 kB        90.8 kB
Î“Ă¶ÂŁ Î“ĂąĂŻ /_not-found                          873 B          88.1 kB
Î“Ă¶ÂŁ â•žĂ† /api/chat                            0 B                0 B
Î“Ă¶ÂŁ â•žĂ† /api/highlights                      0 B                0 B
Î“Ă¶ÂŁ â•žĂ† /api/notes                           0 B                0 B
Î“Ă¶Ă¶ â•žĂ† /api/transcribe                      0 B                0 B
+ First Load JS shared by all            87.2 kB
  Î“Ă¶ÂŁ chunks/117-f48404e42cb32be4.js       31.7 kB
  Î“Ă¶ÂŁ chunks/fd9d1056-0807e69ea9c303ac.js  53.6 kB
  Î“Ă¶Ă¶ other shared chunks (total)          1.86 kB


Î“ĂąĂŻ  (Static)   prerendered as static content
â•žĂ†  (Dynamic)  server-rendered on demand

